
Followers of 200099240
Completion: 5.0 %
Followers of 101850896
Completion: 10.0 %
Followers of 60995997
Completion: 15.0 %
Followers of 381844429
Completion: 20.0 %
Followers of 256669567
API Rate Limit exceeded. Waiting...
Completion: 25.0 %
Followers of 1495255914
Completion: 30.0 %
Followers of 850319256
Completion: 35.0 %
Followers of 499173831
Completion: 40.0 %
Followers of 30352096
API Rate Limit exceeded. Waiting...
API Rate Limit exceeded. Waiting...
Completion: 45.0 %
Followers of 417656212
API Rate Limit exceeded. Waiting...
Completion: 50.0 %
Followers of 449588356
API Rate Limit exceeded. Waiting...
API Rate Limit exceeded. Waiting...
API Rate Limit exceeded. Waiting...
Completion: 55.0 %
Followers of 2609917590
API Rate Limit exceeded. Waiting...
Completion: 60.0 %
Followers of 185677963
Completion: 65.0 %
Followers of 1608358362
Completion: 70.0 %
Followers of 518930655
API Rate Limit exceeded. Waiting...
Failed to send request: ('Connection aborted.', error("(104, 'ECONNRESET')",))
Completion: 75.0 %
Followers of 426562635
Completion: 80.0 %
Followers of 199791653
Completion: 85.0 %
Followers of 142334215
Completion: 90.0 %
Followers of 1378771908
Completion: 95.0 %
Followers of 354486695
Completion: 100.0 %
Overall time needed: 141.039188119 min
Protected users in the list. Removed from follower collection!
Followers of 28021917
Completion: 5.3 %
Followers of 1617682068
API Rate Limit exceeded. Waiting...
Completion: 10.5 %
Followers of 612029279
Completion: 15.8 %
Followers of 15241834
Completion: 21.1 %
Followers of 2580071233
Completion: 26.3 %
Followers of 593456475
Completion: 31.6 %
Followers of 235975458
Completion: 36.8 %
Followers of 301913423
Completion: 42.1 %
Followers of 38403536
Completion: 47.4 %
Followers of 574817228
Completion: 52.6 %
Followers of 25270466
Completion: 57.9 %
Followers of 50550316
Completion: 63.2 %
Followers of 10478662
Completion: 68.4 %
Followers of 2391852433
Completion: 73.7 %
Followers of 413045193
Completion: 78.9 %
Followers of 50239585
API Rate Limit exceeded. Waiting...
API Rate Limit exceeded. Waiting...
Completion: 84.2 %
Followers of 20970054
Completion: 89.5 %
Followers of 82201519
Completion: 94.7 %
Followers of 1744116493
Completion: 100.0 %
Overall time needed: 45.457746915 min
Followings of 47807745
Completion: 5.6 %
Followings of 225029801
Completion: 11.1 %
Followings of 525277114
Completion: 16.7 %
Followings of 459326572
Completion: 22.2 %
Followings of 536190247
Completion: 27.8 %
Followings of 244143740
Completion: 33.3 %
Followings of 325408922
Completion: 38.9 %
Followings of 1200492710
Completion: 44.4 %
Followings of 111332587
Completion: 50.0 %
Followings of 36913223
Completion: 55.6 %
Followings of 927243296
Completion: 61.1 %
Followings of 579993153
Completion: 66.7 %
Followings of 556136737
Completion: 72.2 %
Followings of 1217757193
Completion: 77.8 %
Followings of 462738676
Completion: 83.3 %
Followings of 1395095622
API Rate Limit exceeded. Waiting...
Completion: 88.9 %
Followings of 544969648
Completion: 94.4 %
Followings of 3012232089
Completion: 100.0 %
Overall time needed: 15.0810259183 min
Followers of 47807745
Completion: 5.6 %
Followers of 225029801
Completion: 11.1 %
Followers of 525277114
Completion: 16.7 %
Followers of 459326572
Completion: 22.2 %
Followers of 536190247
Completion: 27.8 %
Followers of 244143740
Completion: 33.3 %
Followers of 325408922
Completion: 38.9 %
Followers of 1200492710
Completion: 44.4 %
Followers of 111332587
Completion: 50.0 %
Followers of 36913223
Completion: 55.6 %
Followers of 927243296
Completion: 61.1 %
Followers of 579993153
Completion: 66.7 %
Followers of 556136737
Completion: 72.2 %
Followers of 1217757193
Completion: 77.8 %
Followers of 462738676
Completion: 83.3 %
Followers of 1395095622
API Rate Limit exceeded. Waiting...
Failed to send request: ('Connection aborted.', error("(104, 'ECONNRESET')",))
Completion: 88.9 %
Followers of 544969648
Completion: 94.4 %
Followers of 3012232089
Completion: 100.0 %
Overall time needed: 20.089877069 min
